# JRE version: OpenJDK Runtime Environment Zulu19.32+15-CA (19.0.2+7) (build 19.0.2+7)
# Java VM: OpenJDK 64-Bit Server VM Zulu19.32+15-CA (19.0.2+7, mixed mode, sharing, tiered, compressed oops, compressed class ptrs, g1 gc, windows-amd64)
GC Precious Log:
 CardTable entry size: 512
 Card Set container configuration: InlinePtr #cards 4 size 8 Array Of Cards #cards 16 size 48 Howl #buckets 8 coarsen threshold 3686 Howl Bitmap #cards 512 size 80 coarsen threshold 460 Card regions per heap region 1 cards per card region 4096
 CPUs: 12 total, 12 available
 Memory: 16291M
 Large Page Support: Disabled
 NUMA Support: Disabled
 Compressed Oops: Enabled (Zero based)
 Heap Region Size: 2M
 Heap Min Capacity: 8M
 Heap Initial Capacity: 256M
 Heap Max Capacity: 4074M
 Pre-touch: Disabled
 Parallel Workers: 10
 Concurrent Workers: 3
 Concurrent Refinement Workers: 10
 Periodic GC: Disabled
Heap:
 garbage-first heap   total 839680K, used 681734K [0x0000000701600000, 0x0000000800000000)
  region size 2048K, 5 young (10240K), 1 survivors (2048K)
 Metaspace       used 10524K, committed 10816K, reserved 1114112K
  class space    used 1291K, committed 1472K, reserved 1048576K
GC Heap History (20 events):
Event: 1.484 GC heap before
{Heap before GC invocations=9 (full 1):
 garbage-first heap   total 124928K, used 42438K [0x0000000701600000, 0x0000000800000000)
  region size 2048K, 3 young (6144K), 1 survivors (2048K)
 Metaspace       used 10175K, committed 10496K, reserved 1114112K
  class space    used 1289K, committed 1472K, reserved 1048576K
}
Event: 1.490 GC heap after
{Heap after GC invocations=10 (full 2):
 garbage-first heap   total 90112K, used 19752K [0x0000000701600000, 0x0000000800000000)
  region size 2048K, 0 young (0K), 0 survivors (0K)
 Metaspace       used 10175K, committed 10496K, reserved 1114112K
  class space    used 1289K, committed 1472K, reserved 1048576K
}
Event: 1.515 GC heap before
{Heap before GC invocations=10 (full 2):
 garbage-first heap   total 90112K, used 34088K [0x0000000701600000, 0x0000000800000000)
  region size 2048K, 2 young (4096K), 0 survivors (0K)
 Metaspace       used 10191K, committed 10560K, reserved 1114112K
  class space    used 1289K, committed 1472K, reserved 1048576K
}
Event: 1.515 GC heap after
{Heap after GC invocations=11 (full 2):
 garbage-first heap   total 90112K, used 28006K [0x0000000701600000, 0x0000000800000000)
  region size 2048K, 1 young (2048K), 1 survivors (2048K)
 Metaspace       used 10191K, committed 10560K, reserved 1114112K
  class space    used 1289K, committed 1472K, reserved 1048576K
}
Event: 1.530 GC heap before
{Heap before GC invocations=11 (full 2):
 garbage-first heap   total 90112K, used 32102K [0x0000000701600000, 0x0000000800000000)
  region size 2048K, 2 young (4096K), 1 survivors (2048K)
 Metaspace       used 10195K, committed 10560K, reserved 1114112K
  class space    used 1289K, committed 1472K, reserved 1048576K
}
Event: 1.531 GC heap after
{Heap after GC invocations=12 (full 2):
 garbage-first heap   total 161792K, used 28024K [0x0000000701600000, 0x0000000800000000)
  region size 2048K, 1 young (2048K), 1 survivors (2048K)
 Metaspace       used 10195K, committed 10560K, reserved 1114112K
  class space    used 1289K, committed 1472K, reserved 1048576K
}
Event: 1.697 GC heap before
{Heap before GC invocations=12 (full 2):
 garbage-first heap   total 161792K, used 66936K [0x0000000701600000, 0x0000000800000000)
  region size 2048K, 3 young (6144K), 1 survivors (2048K)
 Metaspace       used 10261K, committed 10624K, reserved 1114112K
  class space    used 1290K, committed 1472K, reserved 1048576K
}
Event: 1.698 GC heap after
{Heap after GC invocations=13 (full 2):
 garbage-first heap   total 161792K, used 32189K [0x0000000701600000, 0x0000000800000000)
  region size 2048K, 1 young (2048K), 1 survivors (2048K)
 Metaspace       used 10261K, committed 10624K, reserved 1114112K
  class space    used 1290K, committed 1472K, reserved 1048576K
}
Event: 1.767 GC heap before
{Heap before GC invocations=13 (full 2):
 garbage-first heap   total 161792K, used 54717K [0x0000000701600000, 0x0000000800000000)
  region size 2048K, 3 young (6144K), 1 survivors (2048K)
 Metaspace       used 10277K, committed 10624K, reserved 1114112K
  class space    used 1290K, committed 1472K, reserved 1048576K
}
Event: 1.773 GC heap after
{Heap after GC invocations=14 (full 3):
 garbage-first heap   total 90112K, used 19774K [0x0000000701600000, 0x0000000800000000)
  region size 2048K, 0 young (0K), 0 survivors (0K)
 Metaspace       used 10277K, committed 10624K, reserved 1114112K
  class space    used 1290K, committed 1472K, reserved 1048576K
}
Event: 1.815 GC heap before
{Heap before GC invocations=14 (full 3):
 garbage-first heap   total 90112K, used 34110K [0x0000000701600000, 0x0000000800000000)
  region size 2048K, 2 young (4096K), 0 survivors (0K)
 Metaspace       used 10290K, committed 10624K, reserved 1114112K
  class space    used 1290K, committed 1472K, reserved 1048576K
}
Event: 1.816 GC heap after
{Heap after GC invocations=15 (full 3):
 garbage-first heap   total 90112K, used 32123K [0x0000000701600000, 0x0000000800000000)
  region size 2048K, 1 young (2048K), 1 survivors (2048K)
 Metaspace       used 10290K, committed 10624K, reserved 1114112K
  class space    used 1290K, committed 1472K, reserved 1048576K
}
Event: 1.824 GC heap before
{Heap before GC invocations=15 (full 3):
 garbage-first heap   total 90112K, used 38267K [0x0000000701600000, 0x0000000800000000)
  region size 2048K, 3 young (6144K), 1 survivors (2048K)
 Metaspace       used 10302K, committed 10624K, reserved 1114112K
  class space    used 1290K, committed 1472K, reserved 1048576K
}
Event: 1.825 GC heap after
{Heap after GC invocations=16 (full 3):
 garbage-first heap   total 90112K, used 36214K [0x0000000701600000, 0x0000000800000000)
  region size 2048K, 1 young (2048K), 1 survivors (2048K)
 Metaspace       used 10302K, committed 10624K, reserved 1114112K
  class space    used 1290K, committed 1472K, reserved 1048576K
}
Event: 2.315 GC heap before
{Heap before GC invocations=17 (full 3):
 garbage-first heap   total 262144K, used 253302K [0x0000000701600000, 0x0000000800000000)
  region size 2048K, 5 young (10240K), 1 survivors (2048K)
 Metaspace       used 10434K, committed 10752K, reserved 1114112K
  class space    used 1291K, committed 1472K, reserved 1048576K
}
Event: 2.316 GC heap after
{Heap after GC invocations=18 (full 3):
 garbage-first heap   total 370688K, used 245302K [0x0000000701600000, 0x0000000800000000)
  region size 2048K, 1 young (2048K), 1 survivors (2048K)
 Metaspace       used 10434K, committed 10752K, reserved 1114112K
  class space    used 1291K, committed 1472K, reserved 1048576K
}
Event: 2.897 GC heap before
{Heap before GC invocations=18 (full 3):
 garbage-first heap   total 509952K, used 501302K [0x0000000701600000, 0x0000000800000000)
  region size 2048K, 6 young (12288K), 1 survivors (2048K)
 Metaspace       used 10520K, committed 10816K, reserved 1114112K
  class space    used 1291K, committed 1472K, reserved 1048576K
}
Event: 2.899 GC heap after
{Heap after GC invocations=19 (full 3):
 garbage-first heap   total 514048K, used 491244K [0x0000000701600000, 0x0000000800000000)
  region size 2048K, 1 young (2048K), 1 survivors (2048K)
 Metaspace       used 10520K, committed 10816K, reserved 1114112K
  class space    used 1291K, committed 1472K, reserved 1048576K
}
Event: 2.900 GC heap before
{Heap before GC invocations=19 (full 3):
 garbage-first heap   total 514048K, used 491244K [0x0000000701600000, 0x0000000800000000)
  region size 2048K, 2 young (4096K), 1 survivors (2048K)
 Metaspace       used 10520K, committed 10816K, reserved 1114112K
  class space    used 1291K, committed 1472K, reserved 1048576K
}
Event: 2.901 GC heap after
{Heap after GC invocations=20 (full 3):
 garbage-first heap   total 514048K, used 491270K [0x0000000701600000, 0x0000000800000000)
  region size 2048K, 1 young (2048K), 1 survivors (2048K)
 Metaspace       used 10520K, committed 10816K, reserved 1114112K
  class space    used 1291K, committed 1472K, reserved 1048576K
}

