# JRE version: OpenJDK Runtime Environment Zulu19.32+15-CA (19.0.2+7) (build 19.0.2+7)
# Java VM: OpenJDK 64-Bit Server VM Zulu19.32+15-CA (19.0.2+7, mixed mode, sharing, tiered, compressed oops, compressed class ptrs, g1 gc, windows-amd64)
GC Precious Log:
 CardTable entry size: 512
 Card Set container configuration: InlinePtr #cards 4 size 8 Array Of Cards #cards 16 size 48 Howl #buckets 8 coarsen threshold 3686 Howl Bitmap #cards 512 size 80 coarsen threshold 460 Card regions per heap region 1 cards per card region 4096
 CPUs: 12 total, 12 available
 Memory: 16291M
 Large Page Support: Disabled
 NUMA Support: Disabled
 Compressed Oops: Enabled (Zero based)
 Heap Region Size: 2M
 Heap Min Capacity: 8M
 Heap Initial Capacity: 256M
 Heap Max Capacity: 4074M
 Pre-touch: Disabled
 Parallel Workers: 10
 Concurrent Workers: 3
 Concurrent Refinement Workers: 10
 Periodic GC: Disabled
Heap:
 garbage-first heap   total 718848K, used 705480K [0x0000000701600000, 0x0000000800000000)
  region size 2048K, 8 young (16384K), 1 survivors (2048K)
 Metaspace       used 10693K, committed 11072K, reserved 1114112K
  class space    used 1291K, committed 1472K, reserved 1048576K
GC Heap History (20 events):
Event: 2.744 GC heap before
{Heap before GC invocations=43 (full 7):
 garbage-first heap   total 90112K, used 32191K [0x0000000701600000, 0x0000000800000000)
  region size 2048K, 2 young (4096K), 1 survivors (2048K)
 Metaspace       used 10396K, committed 10752K, reserved 1114112K
  class space    used 1290K, committed 1472K, reserved 1048576K
}
Event: 2.744 GC heap after
{Heap after GC invocations=44 (full 7):
 garbage-first heap   total 90112K, used 30143K [0x0000000701600000, 0x0000000800000000)
  region size 2048K, 1 young (2048K), 1 survivors (2048K)
 Metaspace       used 10396K, committed 10752K, reserved 1114112K
  class space    used 1290K, committed 1472K, reserved 1048576K
}
Event: 2.751 GC heap before
{Heap before GC invocations=44 (full 7):
 garbage-first heap   total 90112K, used 34239K [0x0000000701600000, 0x0000000800000000)
  region size 2048K, 2 young (4096K), 1 survivors (2048K)
 Metaspace       used 10397K, committed 10752K, reserved 1114112K
  class space    used 1290K, committed 1472K, reserved 1048576K
}
Event: 2.752 GC heap after
{Heap after GC invocations=45 (full 7):
 garbage-first heap   total 155648K, used 26063K [0x0000000701600000, 0x0000000800000000)
  region size 2048K, 1 young (2048K), 1 survivors (2048K)
 Metaspace       used 10397K, committed 10752K, reserved 1114112K
  class space    used 1290K, committed 1472K, reserved 1048576K
}
Event: 2.832 GC heap before
{Heap before GC invocations=45 (full 7):
 garbage-first heap   total 155648K, used 64975K [0x0000000701600000, 0x0000000800000000)
  region size 2048K, 3 young (6144K), 1 survivors (2048K)
 Metaspace       used 10398K, committed 10752K, reserved 1114112K
  class space    used 1290K, committed 1472K, reserved 1048576K
}
Event: 2.832 GC heap after
{Heap after GC invocations=46 (full 7):
 garbage-first heap   total 155648K, used 28177K [0x0000000701600000, 0x0000000800000000)
  region size 2048K, 1 young (2048K), 1 survivors (2048K)
 Metaspace       used 10398K, committed 10752K, reserved 1114112K
  class space    used 1290K, committed 1472K, reserved 1048576K
}
Event: 2.930 GC heap before
{Heap before GC invocations=46 (full 7):
 garbage-first heap   total 155648K, used 62993K [0x0000000701600000, 0x0000000800000000)
  region size 2048K, 3 young (6144K), 1 survivors (2048K)
 Metaspace       used 10432K, committed 10752K, reserved 1114112K
  class space    used 1290K, committed 1472K, reserved 1048576K
}
Event: 2.931 GC heap after
{Heap after GC invocations=47 (full 7):
 garbage-first heap   total 155648K, used 28205K [0x0000000701600000, 0x0000000800000000)
  region size 2048K, 1 young (2048K), 1 survivors (2048K)
 Metaspace       used 10432K, committed 10752K, reserved 1114112K
  class space    used 1290K, committed 1472K, reserved 1048576K
}
Event: 2.953 GC heap before
{Heap before GC invocations=47 (full 7):
 garbage-first heap   total 155648K, used 40493K [0x0000000701600000, 0x0000000800000000)
  region size 2048K, 2 young (4096K), 1 survivors (2048K)
 Metaspace       used 10432K, committed 10752K, reserved 1114112K
  class space    used 1290K, committed 1472K, reserved 1048576K
}
Event: 2.958 GC heap after
{Heap after GC invocations=48 (full 8):
 garbage-first heap   total 90112K, used 19872K [0x0000000701600000, 0x0000000800000000)
  region size 2048K, 0 young (0K), 0 survivors (0K)
 Metaspace       used 10432K, committed 10752K, reserved 1114112K
  class space    used 1290K, committed 1472K, reserved 1048576K
}
Event: 3.003 GC heap before
{Heap before GC invocations=48 (full 8):
 garbage-first heap   total 90112K, used 34208K [0x0000000701600000, 0x0000000800000000)
  region size 2048K, 2 young (4096K), 0 survivors (0K)
 Metaspace       used 10439K, committed 10752K, reserved 1114112K
  class space    used 1291K, committed 1472K, reserved 1048576K
}
Event: 3.003 GC heap after
{Heap after GC invocations=49 (full 8):
 garbage-first heap   total 90112K, used 32221K [0x0000000701600000, 0x0000000800000000)
  region size 2048K, 1 young (2048K), 1 survivors (2048K)
 Metaspace       used 10439K, committed 10752K, reserved 1114112K
  class space    used 1291K, committed 1472K, reserved 1048576K
}
Event: 3.011 GC heap before
{Heap before GC invocations=49 (full 8):
 garbage-first heap   total 90112K, used 38365K [0x0000000701600000, 0x0000000800000000)
  region size 2048K, 3 young (6144K), 1 survivors (2048K)
 Metaspace       used 10447K, committed 10752K, reserved 1114112K
  class space    used 1291K, committed 1472K, reserved 1048576K
}
Event: 3.012 GC heap after
{Heap after GC invocations=50 (full 8):
 garbage-first heap   total 90112K, used 36313K [0x0000000701600000, 0x0000000800000000)
  region size 2048K, 1 young (2048K), 1 survivors (2048K)
 Metaspace       used 10447K, committed 10752K, reserved 1114112K
  class space    used 1291K, committed 1472K, reserved 1048576K
}
Event: 3.186 GC heap before
{Heap before GC invocations=51 (full 8):
 garbage-first heap   total 135168K, used 126425K [0x0000000701600000, 0x0000000800000000)
  region size 2048K, 3 young (6144K), 1 survivors (2048K)
 Metaspace       used 10459K, committed 10752K, reserved 1114112K
  class space    used 1291K, committed 1472K, reserved 1048576K
}
Event: 3.186 GC heap after
{Heap after GC invocations=52 (full 8):
 garbage-first heap   total 249856K, used 122412K [0x0000000701600000, 0x0000000800000000)
  region size 2048K, 1 young (2048K), 1 survivors (2048K)
 Metaspace       used 10459K, committed 10752K, reserved 1114112K
  class space    used 1291K, committed 1472K, reserved 1048576K
}
Event: 3.625 GC heap before
{Heap before GC invocations=52 (full 8):
 garbage-first heap   total 344064K, used 335404K [0x0000000701600000, 0x0000000800000000)
  region size 2048K, 5 young (10240K), 1 survivors (2048K)
 Metaspace       used 10536K, committed 10880K, reserved 1114112K
  class space    used 1291K, committed 1472K, reserved 1048576K
}
Event: 3.626 GC heap after
{Heap after GC invocations=53 (full 8):
 garbage-first heap   total 348160K, used 327338K [0x0000000701600000, 0x0000000800000000)
  region size 2048K, 1 young (2048K), 1 survivors (2048K)
 Metaspace       used 10536K, committed 10880K, reserved 1114112K
  class space    used 1291K, committed 1472K, reserved 1048576K
}
Event: 3.633 GC heap before
{Heap before GC invocations=53 (full 8):
 garbage-first heap   total 348160K, used 327338K [0x0000000701600000, 0x0000000800000000)
  region size 2048K, 2 young (4096K), 1 survivors (2048K)
 Metaspace       used 10539K, committed 10880K, reserved 1114112K
  class space    used 1291K, committed 1472K, reserved 1048576K
}
Event: 3.634 GC heap after
{Heap after GC invocations=54 (full 8):
 garbage-first heap   total 348160K, used 327328K [0x0000000701600000, 0x0000000800000000)
  region size 2048K, 1 young (2048K), 1 survivors (2048K)
 Metaspace       used 10539K, committed 10880K, reserved 1114112K
  class space    used 1291K, committed 1472K, reserved 1048576K
}

